<?xml version="1.0" encoding="UTF-8"?>
<!-- Generated by org.testng.reporters.JUnitReportReporter -->
<testsuite skipped="0" hostname="IND-L-RNJ" name="com.ora.DockerHub" tests="1" failures="0" timestamp="12 Jan 2021 07:18:55 GMT" time="14.559" errors="0">
  <testcase name="testContainersPage" time="14.559" classname="com.ora.DockerHub"/>
</testsuite> <!-- com.ora.DockerHub -->
