<?xml version="1.0" encoding="UTF-8"?>
<!-- Generated by org.testng.reporters.JUnitReportReporter -->
<testsuite skipped="0" hostname="IND-L-RNJ" name="com.ora.DockerHub" tests="1" failures="0" timestamp="24 Dec 2020 02:26:30 GMT" time="6.487" errors="0">
  <testcase name="testContainersPage" time="6.487" classname="com.ora.DockerHub"/>
</testsuite> <!-- com.ora.DockerHub -->
