<?xml version="1.0" encoding="UTF-8"?>
<!-- Generated by org.testng.reporters.JUnitReportReporter -->
<testsuite skipped="0" hostname="IND-L-RNJ" name="com.ora.DockerHub" tests="6" failures="0" timestamp="17 Feb 2021 08:09:25 GMT" time="14.994" errors="0">
  <testcase name="testContainersPage" time="2.316" classname="com.ora.DockerHub"/>
  <testcase name="twoCheckBoxes" time="0.103" classname="com.ora.DockerHub"/>
  <testcase name="fourCheckBoxesArePresent" time="0.002" classname="com.ora.DockerHub"/>
  <testcase name="testPublisherContent" time="7.357" classname="com.ora.DockerHub"/>
  <testcase name="testAdditionalFilters" time="4.722" classname="com.ora.DockerHub"/>
  <testcase name="testUnChecked" time="0.494" classname="com.ora.DockerHub"/>
</testsuite> <!-- com.ora.DockerHub -->
